/*C22*/SET SCHEMA PUBLIC
drop table if exists event_log CASCADE 
create table event_log (id varchar(255) not null, alert boolean not null, duration varchar(255), host varchar(255), type varchar(255), primary key (id))
INSERT INTO EVENT_LOG VALUES('scsmbstgra',TRUE,'5ms','12345','APPLICATION_LOG')
COMMIT
INSERT INTO EVENT_LOG VALUES('scsmbstgrc',TRUE,'8ms',NULL,NULL)
COMMIT
INSERT INTO EVENT_LOG VALUES('scsmbstgrb',FALSE,'3ms',NULL,NULL)
COMMIT
DISCONNECT
/*C23*/SET SCHEMA PUBLIC
DISCONNECT
/*C24*/SET SCHEMA PUBLIC
DISCONNECT
/*C25*/SET SCHEMA PUBLIC
DISCONNECT
/*C26*/SET SCHEMA PUBLIC
DISCONNECT
/*C27*/SET SCHEMA PUBLIC
DISCONNECT
/*C28*/SET SCHEMA PUBLIC
DISCONNECT
/*C29*/SET SCHEMA PUBLIC
DISCONNECT
/*C30*/SET SCHEMA PUBLIC
DISCONNECT
/*C31*/SET SCHEMA PUBLIC
DISCONNECT
